Performing C SOURCE FILE Test CMAKE_HAVE_LIBC_PTHREAD failed with the following output:
Change Dir: /home/leber/CLionProjects/cpp_calculator_project/libs/antlr4-runtime/build/runtime/utfcpp-prefix/src/utfcpp-build/CMakeFiles/CMakeTmp

Run Build Command(s):/usr/bin/make -f Makefile cmTC_e7c9d/fast && make[3]: Entering directory '/home/leber/CLionProjects/cpp_calculator_project/libs/antlr4-runtime/build/runtime/utfcpp-prefix/src/utfcpp-build/CMakeFiles/CMakeTmp'
/usr/bin/make  -f CMakeFiles/cmTC_e7c9d.dir/build.make CMakeFiles/cmTC_e7c9d.dir/build
make[4]: Entering directory '/home/leber/CLionProjects/cpp_calculator_project/libs/antlr4-runtime/build/runtime/utfcpp-prefix/src/utfcpp-build/CMakeFiles/CMakeTmp'
Building C object CMakeFiles/cmTC_e7c9d.dir/src.c.o
/usr/bin/cc -DCMAKE_HAVE_LIBC_PTHREAD   -o CMakeFiles/cmTC_e7c9d.dir/src.c.o -c /home/leber/CLionProjects/cpp_calculator_project/libs/antlr4-runtime/build/runtime/utfcpp-prefix/src/utfcpp-build/CMakeFiles/CMakeTmp/src.c
Linking C executable cmTC_e7c9d
/usr/bin/cmake -E cmake_link_script CMakeFiles/cmTC_e7c9d.dir/link.txt --verbose=1
/usr/bin/cc -rdynamic CMakeFiles/cmTC_e7c9d.dir/src.c.o -o cmTC_e7c9d 
/usr/bin/ld: CMakeFiles/cmTC_e7c9d.dir/src.c.o: in function `main':
src.c:(.text+0x3e): undefined reference to `pthread_create'
/usr/bin/ld: src.c:(.text+0x4a): undefined reference to `pthread_detach'
/usr/bin/ld: src.c:(.text+0x56): undefined reference to `pthread_cancel'
/usr/bin/ld: src.c:(.text+0x67): undefined reference to `pthread_join'
collect2: error: ld returned 1 exit status
make[4]: *** [CMakeFiles/cmTC_e7c9d.dir/build.make:99: cmTC_e7c9d] Error 1
make[4]: Leaving directory '/home/leber/CLionProjects/cpp_calculator_project/libs/antlr4-runtime/build/runtime/utfcpp-prefix/src/utfcpp-build/CMakeFiles/CMakeTmp'
make[3]: *** [Makefile:127: cmTC_e7c9d/fast] Error 2
make[3]: Leaving directory '/home/leber/CLionProjects/cpp_calculator_project/libs/antlr4-runtime/build/runtime/utfcpp-prefix/src/utfcpp-build/CMakeFiles/CMakeTmp'


Source file was:
#include <pthread.h>

static void* test_func(void* data)
{
  return data;
}

int main(void)
{
  pthread_t thread;
  pthread_create(&thread, NULL, test_func, NULL);
  pthread_detach(thread);
  pthread_cancel(thread);
  pthread_join(thread, NULL);
  pthread_atfork(NULL, NULL, NULL);
  pthread_exit(NULL);

  return 0;
}

